ARM GAS  /tmp/cc8jzRR8.s 			page 1


   1              		.syntax unified
   2              		.cpu cortex-m3
   3              		.fpu softvfp
   4              		.eabi_attribute 20, 1
   5              		.eabi_attribute 21, 1
   6              		.eabi_attribute 23, 3
   7              		.eabi_attribute 24, 1
   8              		.eabi_attribute 25, 1
   9              		.eabi_attribute 26, 1
  10              		.eabi_attribute 30, 1
  11              		.eabi_attribute 34, 1
  12              		.eabi_attribute 18, 4
  13              		.thumb
  14              		.syntax unified
  15              		.file	"fifo.c"
  16              		.text
  17              	.Ltext0:
  18              		.cfi_sections	.debug_frame
  19              		.section	.text.FifoNext,"ax",%progbits
  20              		.align	2
  21              		.thumb
  22              		.thumb_func
  24              	FifoNext:
  25              	.LFB72:
  26              		.file 1 "sx1278/platform/sx12xxEiger/fifo.c"
   1:sx1278/platform/sx12xxEiger/fifo.c **** 
   2:sx1278/platform/sx12xxEiger/fifo.c **** #include "fifo.h"
   3:sx1278/platform/sx12xxEiger/fifo.c **** 
   4:sx1278/platform/sx12xxEiger/fifo.c **** static uint16_t FifoNext( tFifo *fifo, uint16_t index )
   5:sx1278/platform/sx12xxEiger/fifo.c **** {
  27              		.loc 1 5 0
  28              		.cfi_startproc
  29              		@ args = 0, pretend = 0, frame = 0
  30              		@ frame_needed = 0, uses_anonymous_args = 0
  31              		@ link register save eliminated.
  32              	.LVL0:
   6:sx1278/platform/sx12xxEiger/fifo.c **** 	return ( index + 1 ) % fifo->Size;
  33              		.loc 1 6 0
  34 0000 0131     		adds	r1, r1, #1
  35              	.LVL1:
  36 0002 0089     		ldrh	r0, [r0, #8]
  37              	.LVL2:
  38 0004 91FBF0F3 		sdiv	r3, r1, r0
  39 0008 00FB1310 		mls	r0, r0, r3, r1
   7:sx1278/platform/sx12xxEiger/fifo.c **** }
  40              		.loc 1 7 0
  41 000c 80B2     		uxth	r0, r0
  42 000e 7047     		bx	lr
  43              		.cfi_endproc
  44              	.LFE72:
  46              		.section	.text.FifoInit,"ax",%progbits
  47              		.align	2
  48              		.global	FifoInit
  49              		.thumb
  50              		.thumb_func
  52              	FifoInit:
  53              	.LFB73:
ARM GAS  /tmp/cc8jzRR8.s 			page 2


   8:sx1278/platform/sx12xxEiger/fifo.c **** 
   9:sx1278/platform/sx12xxEiger/fifo.c **** void FifoInit( tFifo *fifo, uint16_t *buffer, uint16_t size )
  10:sx1278/platform/sx12xxEiger/fifo.c **** {
  54              		.loc 1 10 0
  55              		.cfi_startproc
  56              		@ args = 0, pretend = 0, frame = 0
  57              		@ frame_needed = 0, uses_anonymous_args = 0
  58              		@ link register save eliminated.
  59              	.LVL3:
  11:sx1278/platform/sx12xxEiger/fifo.c **** 	fifo->Begin = 0;
  60              		.loc 1 11 0
  61 0000 0023     		movs	r3, #0
  62 0002 0380     		strh	r3, [r0]	@ movhi
  12:sx1278/platform/sx12xxEiger/fifo.c **** 	fifo->End = 0;
  63              		.loc 1 12 0
  64 0004 4380     		strh	r3, [r0, #2]	@ movhi
  13:sx1278/platform/sx12xxEiger/fifo.c **** 	fifo->Data = buffer;
  65              		.loc 1 13 0
  66 0006 4160     		str	r1, [r0, #4]
  14:sx1278/platform/sx12xxEiger/fifo.c **** 	fifo->Size = size;
  67              		.loc 1 14 0
  68 0008 0281     		strh	r2, [r0, #8]	@ movhi
  69 000a 7047     		bx	lr
  70              		.cfi_endproc
  71              	.LFE73:
  73              		.section	.text.FifoPush,"ax",%progbits
  74              		.align	2
  75              		.global	FifoPush
  76              		.thumb
  77              		.thumb_func
  79              	FifoPush:
  80              	.LFB74:
  15:sx1278/platform/sx12xxEiger/fifo.c **** }
  16:sx1278/platform/sx12xxEiger/fifo.c **** 
  17:sx1278/platform/sx12xxEiger/fifo.c **** void FifoPush( tFifo *fifo, uint16_t data )
  18:sx1278/platform/sx12xxEiger/fifo.c **** {
  81              		.loc 1 18 0
  82              		.cfi_startproc
  83              		@ args = 0, pretend = 0, frame = 0
  84              		@ frame_needed = 0, uses_anonymous_args = 0
  85              	.LVL4:
  86 0000 38B5     		push	{r3, r4, r5, lr}
  87              	.LCFI0:
  88              		.cfi_def_cfa_offset 16
  89              		.cfi_offset 3, -16
  90              		.cfi_offset 4, -12
  91              		.cfi_offset 5, -8
  92              		.cfi_offset 14, -4
  93 0002 0446     		mov	r4, r0
  94 0004 0D46     		mov	r5, r1
  19:sx1278/platform/sx12xxEiger/fifo.c **** 	fifo->End = FifoNext( fifo, fifo->End );
  95              		.loc 1 19 0
  96 0006 4188     		ldrh	r1, [r0, #2]
  97              	.LVL5:
  98 0008 FFF7FEFF 		bl	FifoNext
  99              	.LVL6:
 100 000c 6080     		strh	r0, [r4, #2]	@ movhi
ARM GAS  /tmp/cc8jzRR8.s 			page 3


  20:sx1278/platform/sx12xxEiger/fifo.c **** 	fifo->Data[fifo->End] = data;
 101              		.loc 1 20 0
 102 000e 6368     		ldr	r3, [r4, #4]
 103 0010 23F81050 		strh	r5, [r3, r0, lsl #1]	@ movhi
 104 0014 38BD     		pop	{r3, r4, r5, pc}
 105              		.cfi_endproc
 106              	.LFE74:
 108 0016 00BF     		.section	.text.FifoPop,"ax",%progbits
 109              		.align	2
 110              		.global	FifoPop
 111              		.thumb
 112              		.thumb_func
 114              	FifoPop:
 115              	.LFB75:
  21:sx1278/platform/sx12xxEiger/fifo.c **** }
  22:sx1278/platform/sx12xxEiger/fifo.c **** 
  23:sx1278/platform/sx12xxEiger/fifo.c **** uint16_t FifoPop( tFifo *fifo )
  24:sx1278/platform/sx12xxEiger/fifo.c **** {
 116              		.loc 1 24 0
 117              		.cfi_startproc
 118              		@ args = 0, pretend = 0, frame = 0
 119              		@ frame_needed = 0, uses_anonymous_args = 0
 120              	.LVL7:
 121 0000 38B5     		push	{r3, r4, r5, lr}
 122              	.LCFI1:
 123              		.cfi_def_cfa_offset 16
 124              		.cfi_offset 3, -16
 125              		.cfi_offset 4, -12
 126              		.cfi_offset 5, -8
 127              		.cfi_offset 14, -4
 128 0002 0446     		mov	r4, r0
  25:sx1278/platform/sx12xxEiger/fifo.c **** 	uint16_t data = fifo->Data[FifoNext( fifo, fifo->Begin )];
 129              		.loc 1 25 0
 130 0004 4568     		ldr	r5, [r0, #4]
 131 0006 0188     		ldrh	r1, [r0]
 132 0008 FFF7FEFF 		bl	FifoNext
 133              	.LVL8:
 134 000c 0346     		mov	r3, r0
 135 000e 35F81000 		ldrh	r0, [r5, r0, lsl #1]
 136              	.LVL9:
  26:sx1278/platform/sx12xxEiger/fifo.c **** 
  27:sx1278/platform/sx12xxEiger/fifo.c **** 	fifo->Begin = FifoNext( fifo, fifo->Begin );
 137              		.loc 1 27 0
 138 0012 2380     		strh	r3, [r4]	@ movhi
  28:sx1278/platform/sx12xxEiger/fifo.c **** 	return data;
  29:sx1278/platform/sx12xxEiger/fifo.c **** }
 139              		.loc 1 29 0
 140 0014 38BD     		pop	{r3, r4, r5, pc}
 141              		.cfi_endproc
 142              	.LFE75:
 144 0016 00BF     		.section	.text.FifoFlush,"ax",%progbits
 145              		.align	2
 146              		.global	FifoFlush
 147              		.thumb
 148              		.thumb_func
 150              	FifoFlush:
 151              	.LFB76:
ARM GAS  /tmp/cc8jzRR8.s 			page 4


  30:sx1278/platform/sx12xxEiger/fifo.c **** 
  31:sx1278/platform/sx12xxEiger/fifo.c **** void FifoFlush( tFifo *fifo )
  32:sx1278/platform/sx12xxEiger/fifo.c **** {
 152              		.loc 1 32 0
 153              		.cfi_startproc
 154              		@ args = 0, pretend = 0, frame = 0
 155              		@ frame_needed = 0, uses_anonymous_args = 0
 156              		@ link register save eliminated.
 157              	.LVL10:
  33:sx1278/platform/sx12xxEiger/fifo.c **** 	fifo->Begin = 0;
 158              		.loc 1 33 0
 159 0000 0023     		movs	r3, #0
 160 0002 0380     		strh	r3, [r0]	@ movhi
  34:sx1278/platform/sx12xxEiger/fifo.c **** 	fifo->End = 0;
 161              		.loc 1 34 0
 162 0004 4380     		strh	r3, [r0, #2]	@ movhi
 163 0006 7047     		bx	lr
 164              		.cfi_endproc
 165              	.LFE76:
 167              		.section	.text.IsFifoEmpty,"ax",%progbits
 168              		.align	2
 169              		.global	IsFifoEmpty
 170              		.thumb
 171              		.thumb_func
 173              	IsFifoEmpty:
 174              	.LFB77:
  35:sx1278/platform/sx12xxEiger/fifo.c **** }
  36:sx1278/platform/sx12xxEiger/fifo.c **** 
  37:sx1278/platform/sx12xxEiger/fifo.c **** bool IsFifoEmpty( tFifo *fifo )
  38:sx1278/platform/sx12xxEiger/fifo.c **** {
 175              		.loc 1 38 0
 176              		.cfi_startproc
 177              		@ args = 0, pretend = 0, frame = 0
 178              		@ frame_needed = 0, uses_anonymous_args = 0
 179              		@ link register save eliminated.
 180              	.LVL11:
  39:sx1278/platform/sx12xxEiger/fifo.c **** 	return ( fifo->Begin == fifo->End );
 181              		.loc 1 39 0
 182 0000 0288     		ldrh	r2, [r0]
 183 0002 4088     		ldrh	r0, [r0, #2]
 184              	.LVL12:
  40:sx1278/platform/sx12xxEiger/fifo.c **** }
 185              		.loc 1 40 0
 186 0004 8242     		cmp	r2, r0
 187 0006 14BF     		ite	ne
 188 0008 0020     		movne	r0, #0
 189 000a 0120     		moveq	r0, #1
 190 000c 7047     		bx	lr
 191              		.cfi_endproc
 192              	.LFE77:
 194 000e 00BF     		.section	.text.IsFifoFull,"ax",%progbits
 195              		.align	2
 196              		.global	IsFifoFull
 197              		.thumb
 198              		.thumb_func
 200              	IsFifoFull:
 201              	.LFB78:
ARM GAS  /tmp/cc8jzRR8.s 			page 5


  41:sx1278/platform/sx12xxEiger/fifo.c **** 
  42:sx1278/platform/sx12xxEiger/fifo.c **** bool IsFifoFull( tFifo *fifo )
  43:sx1278/platform/sx12xxEiger/fifo.c **** {
 202              		.loc 1 43 0
 203              		.cfi_startproc
 204              		@ args = 0, pretend = 0, frame = 0
 205              		@ frame_needed = 0, uses_anonymous_args = 0
 206              	.LVL13:
 207 0000 10B5     		push	{r4, lr}
 208              	.LCFI2:
 209              		.cfi_def_cfa_offset 8
 210              		.cfi_offset 4, -8
 211              		.cfi_offset 14, -4
 212 0002 0446     		mov	r4, r0
  44:sx1278/platform/sx12xxEiger/fifo.c **** 	return ( FifoNext( fifo, fifo->End ) == fifo->Begin );
 213              		.loc 1 44 0
 214 0004 4188     		ldrh	r1, [r0, #2]
 215 0006 FFF7FEFF 		bl	FifoNext
 216              	.LVL14:
 217 000a 2388     		ldrh	r3, [r4]
  45:sx1278/platform/sx12xxEiger/fifo.c **** }
 218              		.loc 1 45 0
 219 000c 9842     		cmp	r0, r3
 220 000e 14BF     		ite	ne
 221 0010 0020     		movne	r0, #0
 222 0012 0120     		moveq	r0, #1
 223 0014 10BD     		pop	{r4, pc}
 224              		.cfi_endproc
 225              	.LFE78:
 227 0016 00BF     		.text
 228              	.Letext0:
 229              		.file 2 "/usr/bin/gcc-arm-none-eabi-5_4-2016q3/arm-none-eabi/include/machine/_default_types.h"
 230              		.file 3 "/usr/bin/gcc-arm-none-eabi-5_4-2016q3/arm-none-eabi/include/sys/_stdint.h"
 231              		.file 4 "sx1278/platform/sx12xxEiger/fifo.h"
 232              		.file 5 "Drivers/CMSIS/Include/core_cm3.h"
ARM GAS  /tmp/cc8jzRR8.s 			page 6


DEFINED SYMBOLS
                            *ABS*:00000000 fifo.c
     /tmp/cc8jzRR8.s:20     .text.FifoNext:00000000 $t
     /tmp/cc8jzRR8.s:24     .text.FifoNext:00000000 FifoNext
     /tmp/cc8jzRR8.s:47     .text.FifoInit:00000000 $t
     /tmp/cc8jzRR8.s:52     .text.FifoInit:00000000 FifoInit
     /tmp/cc8jzRR8.s:74     .text.FifoPush:00000000 $t
     /tmp/cc8jzRR8.s:79     .text.FifoPush:00000000 FifoPush
     /tmp/cc8jzRR8.s:109    .text.FifoPop:00000000 $t
     /tmp/cc8jzRR8.s:114    .text.FifoPop:00000000 FifoPop
     /tmp/cc8jzRR8.s:145    .text.FifoFlush:00000000 $t
     /tmp/cc8jzRR8.s:150    .text.FifoFlush:00000000 FifoFlush
     /tmp/cc8jzRR8.s:168    .text.IsFifoEmpty:00000000 $t
     /tmp/cc8jzRR8.s:173    .text.IsFifoEmpty:00000000 IsFifoEmpty
     /tmp/cc8jzRR8.s:195    .text.IsFifoFull:00000000 $t
     /tmp/cc8jzRR8.s:200    .text.IsFifoFull:00000000 IsFifoFull
                     .debug_frame:00000010 $d

NO UNDEFINED SYMBOLS
