ARM GAS  /tmp/cc85sbMO.s 			page 1


   1              		.syntax unified
   2              		.cpu cortex-m3
   3              		.fpu softvfp
   4              		.eabi_attribute 20, 1
   5              		.eabi_attribute 21, 1
   6              		.eabi_attribute 23, 3
   7              		.eabi_attribute 24, 1
   8              		.eabi_attribute 25, 1
   9              		.eabi_attribute 26, 1
  10              		.eabi_attribute 30, 1
  11              		.eabi_attribute 34, 1
  12              		.eabi_attribute 18, 4
  13              		.thumb
  14              		.syntax unified
  15              		.file	"gpio.c"
  16              		.text
  17              	.Ltext0:
  18              		.cfi_sections	.debug_frame
  19              		.section	.text.MX_GPIO_Init,"ax",%progbits
  20              		.align	2
  21              		.global	MX_GPIO_Init
  22              		.thumb
  23              		.thumb_func
  25              	MX_GPIO_Init:
  26              	.LFB72:
  27              		.file 1 "Src/gpio.c"
   1:Src/gpio.c    **** /**
   2:Src/gpio.c    ****   ******************************************************************************
   3:Src/gpio.c    ****   * File Name          : gpio.c
   4:Src/gpio.c    ****   * Description        : This file provides code for the configuration
   5:Src/gpio.c    ****   *                      of all used GPIO pins.
   6:Src/gpio.c    ****   ******************************************************************************
   7:Src/gpio.c    ****   * @attention
   8:Src/gpio.c    ****   *
   9:Src/gpio.c    ****   * <h2><center>&copy; Copyright (c) 2019 STMicroelectronics.
  10:Src/gpio.c    ****   * All rights reserved.</center></h2>
  11:Src/gpio.c    ****   *
  12:Src/gpio.c    ****   * This software component is licensed by ST under BSD 3-Clause license,
  13:Src/gpio.c    ****   * the "License"; You may not use this file except in compliance with the
  14:Src/gpio.c    ****   * License. You may obtain a copy of the License at:
  15:Src/gpio.c    ****   *                        opensource.org/licenses/BSD-3-Clause
  16:Src/gpio.c    ****   *
  17:Src/gpio.c    ****   ******************************************************************************
  18:Src/gpio.c    ****   */
  19:Src/gpio.c    **** 
  20:Src/gpio.c    **** /* Includes ------------------------------------------------------------------*/
  21:Src/gpio.c    **** #include "gpio.h"
  22:Src/gpio.c    **** /* USER CODE BEGIN 0 */
  23:Src/gpio.c    **** 
  24:Src/gpio.c    **** /* USER CODE END 0 */
  25:Src/gpio.c    **** 
  26:Src/gpio.c    **** /*----------------------------------------------------------------------------*/
  27:Src/gpio.c    **** /* Configure GPIO                                                             */
  28:Src/gpio.c    **** /*----------------------------------------------------------------------------*/
  29:Src/gpio.c    **** /* USER CODE BEGIN 1 */
  30:Src/gpio.c    **** 
  31:Src/gpio.c    **** /* USER CODE END 1 */
ARM GAS  /tmp/cc85sbMO.s 			page 2


  32:Src/gpio.c    **** 
  33:Src/gpio.c    **** /** Configure pins as 
  34:Src/gpio.c    ****         * Analog 
  35:Src/gpio.c    ****         * Input 
  36:Src/gpio.c    ****         * Output
  37:Src/gpio.c    ****         * EVENT_OUT
  38:Src/gpio.c    ****         * EXTI
  39:Src/gpio.c    **** */
  40:Src/gpio.c    **** void MX_GPIO_Init(void)
  41:Src/gpio.c    **** {
  28              		.loc 1 41 0
  29              		.cfi_startproc
  30              		@ args = 0, pretend = 0, frame = 32
  31              		@ frame_needed = 0, uses_anonymous_args = 0
  32 0000 F0B5     		push	{r4, r5, r6, r7, lr}
  33              	.LCFI0:
  34              		.cfi_def_cfa_offset 20
  35              		.cfi_offset 4, -20
  36              		.cfi_offset 5, -16
  37              		.cfi_offset 6, -12
  38              		.cfi_offset 7, -8
  39              		.cfi_offset 14, -4
  40 0002 89B0     		sub	sp, sp, #36
  41              	.LCFI1:
  42              		.cfi_def_cfa_offset 56
  42:Src/gpio.c    **** 
  43:Src/gpio.c    ****   GPIO_InitTypeDef GPIO_InitStruct = {0};
  43              		.loc 1 43 0
  44 0004 0024     		movs	r4, #0
  45 0006 0394     		str	r4, [sp, #12]
  46 0008 0494     		str	r4, [sp, #16]
  47 000a 0594     		str	r4, [sp, #20]
  48 000c 0694     		str	r4, [sp, #24]
  49 000e 0794     		str	r4, [sp, #28]
  50              	.LBB2:
  44:Src/gpio.c    **** 
  45:Src/gpio.c    ****   /* GPIO Ports Clock Enable */
  46:Src/gpio.c    ****   __HAL_RCC_GPIOC_CLK_ENABLE();
  51              		.loc 1 46 0
  52 0010 284B     		ldr	r3, .L3
  53 0012 DA69     		ldr	r2, [r3, #28]
  54 0014 42F00402 		orr	r2, r2, #4
  55 0018 DA61     		str	r2, [r3, #28]
  56 001a DA69     		ldr	r2, [r3, #28]
  57 001c 02F00402 		and	r2, r2, #4
  58 0020 0092     		str	r2, [sp]
  59 0022 009A     		ldr	r2, [sp]
  60              	.LBE2:
  61              	.LBB3:
  47:Src/gpio.c    ****   __HAL_RCC_GPIOA_CLK_ENABLE();
  62              		.loc 1 47 0
  63 0024 DA69     		ldr	r2, [r3, #28]
  64 0026 42F00102 		orr	r2, r2, #1
  65 002a DA61     		str	r2, [r3, #28]
  66 002c DA69     		ldr	r2, [r3, #28]
  67 002e 02F00102 		and	r2, r2, #1
  68 0032 0192     		str	r2, [sp, #4]
ARM GAS  /tmp/cc85sbMO.s 			page 3


  69 0034 019A     		ldr	r2, [sp, #4]
  70              	.LBE3:
  71              	.LBB4:
  48:Src/gpio.c    ****   __HAL_RCC_GPIOB_CLK_ENABLE();
  72              		.loc 1 48 0
  73 0036 DA69     		ldr	r2, [r3, #28]
  74 0038 42F00202 		orr	r2, r2, #2
  75 003c DA61     		str	r2, [r3, #28]
  76 003e DB69     		ldr	r3, [r3, #28]
  77 0040 03F00203 		and	r3, r3, #2
  78 0044 0293     		str	r3, [sp, #8]
  79 0046 029B     		ldr	r3, [sp, #8]
  80              	.LBE4:
  49:Src/gpio.c    **** 
  50:Src/gpio.c    ****   /*Configure GPIO pin Output Level */
  51:Src/gpio.c    ****   HAL_GPIO_WritePin(GPIOA, GPIO_PIN_0|GPIO_PIN_1|GPIO_PIN_8, GPIO_PIN_SET);
  81              		.loc 1 51 0
  82 0048 1B4F     		ldr	r7, .L3+4
  83 004a 0122     		movs	r2, #1
  84 004c 40F20311 		movw	r1, #259
  85 0050 3846     		mov	r0, r7
  86 0052 FFF7FEFF 		bl	HAL_GPIO_WritePin
  87              	.LVL0:
  52:Src/gpio.c    **** 
  53:Src/gpio.c    ****   /*Configure GPIO pin Output Level */
  54:Src/gpio.c    ****   HAL_GPIO_WritePin(GPIOB, GPIO_PIN_12|GPIO_PIN_9, GPIO_PIN_SET);
  88              		.loc 1 54 0
  89 0056 194D     		ldr	r5, .L3+8
  90 0058 0122     		movs	r2, #1
  91 005a 4FF49051 		mov	r1, #4608
  92 005e 2846     		mov	r0, r5
  93 0060 FFF7FEFF 		bl	HAL_GPIO_WritePin
  94              	.LVL1:
  55:Src/gpio.c    **** 
  56:Src/gpio.c    ****   /*Configure GPIO pin : PC13 */
  57:Src/gpio.c    ****   GPIO_InitStruct.Pin = GPIO_PIN_13;
  95              		.loc 1 57 0
  96 0064 4FF40053 		mov	r3, #8192
  97 0068 0393     		str	r3, [sp, #12]
  58:Src/gpio.c    ****   GPIO_InitStruct.Mode = GPIO_MODE_INPUT;
  98              		.loc 1 58 0
  99 006a 0494     		str	r4, [sp, #16]
  59:Src/gpio.c    ****   GPIO_InitStruct.Pull = GPIO_NOPULL;
 100              		.loc 1 59 0
 101 006c 0594     		str	r4, [sp, #20]
  60:Src/gpio.c    ****   HAL_GPIO_Init(GPIOC, &GPIO_InitStruct);
 102              		.loc 1 60 0
 103 006e 03A9     		add	r1, sp, #12
 104 0070 1348     		ldr	r0, .L3+12
 105 0072 FFF7FEFF 		bl	HAL_GPIO_Init
 106              	.LVL2:
  61:Src/gpio.c    **** 
  62:Src/gpio.c    ****   /*Configure GPIO pins : PA0 PA1 PA8 */
  63:Src/gpio.c    ****   GPIO_InitStruct.Pin = GPIO_PIN_0|GPIO_PIN_1|GPIO_PIN_8;
 107              		.loc 1 63 0
 108 0076 40F20313 		movw	r3, #259
 109 007a 0393     		str	r3, [sp, #12]
ARM GAS  /tmp/cc85sbMO.s 			page 4


  64:Src/gpio.c    ****   GPIO_InitStruct.Mode = GPIO_MODE_OUTPUT_PP;
 110              		.loc 1 64 0
 111 007c 0126     		movs	r6, #1
 112 007e 0496     		str	r6, [sp, #16]
  65:Src/gpio.c    ****   GPIO_InitStruct.Pull = GPIO_NOPULL;
 113              		.loc 1 65 0
 114 0080 0594     		str	r4, [sp, #20]
  66:Src/gpio.c    ****   GPIO_InitStruct.Speed = GPIO_SPEED_FREQ_LOW;
 115              		.loc 1 66 0
 116 0082 0694     		str	r4, [sp, #24]
  67:Src/gpio.c    ****   HAL_GPIO_Init(GPIOA, &GPIO_InitStruct);
 117              		.loc 1 67 0
 118 0084 03A9     		add	r1, sp, #12
 119 0086 3846     		mov	r0, r7
 120 0088 FFF7FEFF 		bl	HAL_GPIO_Init
 121              	.LVL3:
  68:Src/gpio.c    **** 
  69:Src/gpio.c    ****   /*Configure GPIO pins : PB0 PB1 PB2 PB6 */
  70:Src/gpio.c    ****   GPIO_InitStruct.Pin = GPIO_PIN_0|GPIO_PIN_1|GPIO_PIN_2|GPIO_PIN_6;
 122              		.loc 1 70 0
 123 008c 4723     		movs	r3, #71
 124 008e 0393     		str	r3, [sp, #12]
  71:Src/gpio.c    ****   GPIO_InitStruct.Mode = GPIO_MODE_INPUT;
 125              		.loc 1 71 0
 126 0090 0494     		str	r4, [sp, #16]
  72:Src/gpio.c    ****   GPIO_InitStruct.Pull = GPIO_NOPULL;
 127              		.loc 1 72 0
 128 0092 0594     		str	r4, [sp, #20]
  73:Src/gpio.c    ****   HAL_GPIO_Init(GPIOB, &GPIO_InitStruct);
 129              		.loc 1 73 0
 130 0094 03A9     		add	r1, sp, #12
 131 0096 2846     		mov	r0, r5
 132 0098 FFF7FEFF 		bl	HAL_GPIO_Init
 133              	.LVL4:
  74:Src/gpio.c    **** 
  75:Src/gpio.c    ****   /*Configure GPIO pins : PB12 PB9 */
  76:Src/gpio.c    ****   GPIO_InitStruct.Pin = GPIO_PIN_12|GPIO_PIN_9;
 134              		.loc 1 76 0
 135 009c 4FF49053 		mov	r3, #4608
 136 00a0 0393     		str	r3, [sp, #12]
  77:Src/gpio.c    ****   GPIO_InitStruct.Mode = GPIO_MODE_OUTPUT_PP;
 137              		.loc 1 77 0
 138 00a2 0496     		str	r6, [sp, #16]
  78:Src/gpio.c    ****   GPIO_InitStruct.Pull = GPIO_NOPULL;
 139              		.loc 1 78 0
 140 00a4 0594     		str	r4, [sp, #20]
  79:Src/gpio.c    ****   GPIO_InitStruct.Speed = GPIO_SPEED_FREQ_LOW;
 141              		.loc 1 79 0
 142 00a6 0694     		str	r4, [sp, #24]
  80:Src/gpio.c    ****   HAL_GPIO_Init(GPIOB, &GPIO_InitStruct);
 143              		.loc 1 80 0
 144 00a8 03A9     		add	r1, sp, #12
 145 00aa 2846     		mov	r0, r5
 146 00ac FFF7FEFF 		bl	HAL_GPIO_Init
 147              	.LVL5:
  81:Src/gpio.c    **** 
  82:Src/gpio.c    **** }
ARM GAS  /tmp/cc85sbMO.s 			page 5


 148              		.loc 1 82 0
 149 00b0 09B0     		add	sp, sp, #36
 150              	.LCFI2:
 151              		.cfi_def_cfa_offset 20
 152              		@ sp needed
 153 00b2 F0BD     		pop	{r4, r5, r6, r7, pc}
 154              	.L4:
 155              		.align	2
 156              	.L3:
 157 00b4 00380240 		.word	1073887232
 158 00b8 00000240 		.word	1073872896
 159 00bc 00040240 		.word	1073873920
 160 00c0 00080240 		.word	1073874944
 161              		.cfi_endproc
 162              	.LFE72:
 164              		.text
 165              	.Letext0:
 166              		.file 2 "/usr/bin/gcc-arm-none-eabi-5_4-2016q3/arm-none-eabi/include/machine/_default_types.h"
 167              		.file 3 "/usr/bin/gcc-arm-none-eabi-5_4-2016q3/arm-none-eabi/include/sys/_stdint.h"
 168              		.file 4 "Drivers/CMSIS/Device/ST/STM32L1xx/Include/stm32l151xba.h"
 169              		.file 5 "Drivers/STM32L1xx_HAL_Driver/Inc/stm32l1xx_hal_gpio.h"
 170              		.file 6 "Drivers/CMSIS/Include/core_cm3.h"
ARM GAS  /tmp/cc85sbMO.s 			page 6


DEFINED SYMBOLS
                            *ABS*:00000000 gpio.c
     /tmp/cc85sbMO.s:20     .text.MX_GPIO_Init:00000000 $t
     /tmp/cc85sbMO.s:25     .text.MX_GPIO_Init:00000000 MX_GPIO_Init
     /tmp/cc85sbMO.s:157    .text.MX_GPIO_Init:000000b4 $d
                     .debug_frame:00000010 $d

UNDEFINED SYMBOLS
HAL_GPIO_WritePin
HAL_GPIO_Init
