ARM GAS  /tmp/ccjppFnM.s 			page 1


   1              		.syntax unified
   2              		.cpu cortex-m3
   3              		.fpu softvfp
   4              		.eabi_attribute 20, 1
   5              		.eabi_attribute 21, 1
   6              		.eabi_attribute 23, 3
   7              		.eabi_attribute 24, 1
   8              		.eabi_attribute 25, 1
   9              		.eabi_attribute 26, 1
  10              		.eabi_attribute 30, 1
  11              		.eabi_attribute 34, 1
  12              		.eabi_attribute 18, 4
  13              		.thumb
  14              		.syntax unified
  15              		.file	"stm32l1xx_it.c"
  16              		.text
  17              	.Ltext0:
  18              		.cfi_sections	.debug_frame
  19              		.section	.text.NMI_Handler,"ax",%progbits
  20              		.align	2
  21              		.global	NMI_Handler
  22              		.thumb
  23              		.thumb_func
  25              	NMI_Handler:
  26              	.LFB72:
  27              		.file 1 "Src/stm32l1xx_it.c"
   1:Src/stm32l1xx_it.c **** /* USER CODE BEGIN Header */
   2:Src/stm32l1xx_it.c **** /**
   3:Src/stm32l1xx_it.c ****   ******************************************************************************
   4:Src/stm32l1xx_it.c ****   * @file    stm32l1xx_it.c
   5:Src/stm32l1xx_it.c ****   * @brief   Interrupt Service Routines.
   6:Src/stm32l1xx_it.c ****   ******************************************************************************
   7:Src/stm32l1xx_it.c ****   * @attention
   8:Src/stm32l1xx_it.c ****   *
   9:Src/stm32l1xx_it.c ****   * <h2><center>&copy; Copyright (c) 2019 STMicroelectronics.
  10:Src/stm32l1xx_it.c ****   * All rights reserved.</center></h2>
  11:Src/stm32l1xx_it.c ****   *
  12:Src/stm32l1xx_it.c ****   * This software component is licensed by ST under BSD 3-Clause license,
  13:Src/stm32l1xx_it.c ****   * the "License"; You may not use this file except in compliance with the
  14:Src/stm32l1xx_it.c ****   * License. You may obtain a copy of the License at:
  15:Src/stm32l1xx_it.c ****   *                        opensource.org/licenses/BSD-3-Clause
  16:Src/stm32l1xx_it.c ****   *
  17:Src/stm32l1xx_it.c ****   ******************************************************************************
  18:Src/stm32l1xx_it.c ****   */
  19:Src/stm32l1xx_it.c **** /* USER CODE END Header */
  20:Src/stm32l1xx_it.c **** 
  21:Src/stm32l1xx_it.c **** /* Includes ------------------------------------------------------------------*/
  22:Src/stm32l1xx_it.c **** #include "main.h"
  23:Src/stm32l1xx_it.c **** #include "stm32l1xx_it.h"
  24:Src/stm32l1xx_it.c **** /* Private includes ----------------------------------------------------------*/
  25:Src/stm32l1xx_it.c **** /* USER CODE BEGIN Includes */
  26:Src/stm32l1xx_it.c **** /* USER CODE END Includes */
  27:Src/stm32l1xx_it.c **** 
  28:Src/stm32l1xx_it.c **** /* Private typedef -----------------------------------------------------------*/
  29:Src/stm32l1xx_it.c **** /* USER CODE BEGIN TD */
  30:Src/stm32l1xx_it.c **** 
  31:Src/stm32l1xx_it.c **** /* USER CODE END TD */
ARM GAS  /tmp/ccjppFnM.s 			page 2


  32:Src/stm32l1xx_it.c **** 
  33:Src/stm32l1xx_it.c **** /* Private define ------------------------------------------------------------*/
  34:Src/stm32l1xx_it.c **** /* USER CODE BEGIN PD */
  35:Src/stm32l1xx_it.c ****  
  36:Src/stm32l1xx_it.c **** /* USER CODE END PD */
  37:Src/stm32l1xx_it.c **** 
  38:Src/stm32l1xx_it.c **** /* Private macro -------------------------------------------------------------*/
  39:Src/stm32l1xx_it.c **** /* USER CODE BEGIN PM */
  40:Src/stm32l1xx_it.c **** 
  41:Src/stm32l1xx_it.c **** /* USER CODE END PM */
  42:Src/stm32l1xx_it.c **** 
  43:Src/stm32l1xx_it.c **** /* Private variables ---------------------------------------------------------*/
  44:Src/stm32l1xx_it.c **** /* USER CODE BEGIN PV */
  45:Src/stm32l1xx_it.c **** 
  46:Src/stm32l1xx_it.c **** /* USER CODE END PV */
  47:Src/stm32l1xx_it.c **** 
  48:Src/stm32l1xx_it.c **** /* Private function prototypes -----------------------------------------------*/
  49:Src/stm32l1xx_it.c **** /* USER CODE BEGIN PFP */
  50:Src/stm32l1xx_it.c **** 
  51:Src/stm32l1xx_it.c **** /* USER CODE END PFP */
  52:Src/stm32l1xx_it.c **** 
  53:Src/stm32l1xx_it.c **** /* Private user code ---------------------------------------------------------*/
  54:Src/stm32l1xx_it.c **** /* USER CODE BEGIN 0 */
  55:Src/stm32l1xx_it.c **** 
  56:Src/stm32l1xx_it.c **** /* USER CODE END 0 */
  57:Src/stm32l1xx_it.c **** 
  58:Src/stm32l1xx_it.c **** /* External variables --------------------------------------------------------*/
  59:Src/stm32l1xx_it.c **** extern UART_HandleTypeDef huart2;
  60:Src/stm32l1xx_it.c **** /* USER CODE BEGIN EV */
  61:Src/stm32l1xx_it.c **** 
  62:Src/stm32l1xx_it.c **** /* USER CODE END EV */
  63:Src/stm32l1xx_it.c **** 
  64:Src/stm32l1xx_it.c **** /******************************************************************************/
  65:Src/stm32l1xx_it.c **** /*           Cortex-M3 Processor Interruption and Exception Handlers          */ 
  66:Src/stm32l1xx_it.c **** /******************************************************************************/
  67:Src/stm32l1xx_it.c **** /**
  68:Src/stm32l1xx_it.c ****   * @brief This function handles Non maskable interrupt.
  69:Src/stm32l1xx_it.c ****   */
  70:Src/stm32l1xx_it.c **** void NMI_Handler(void)
  71:Src/stm32l1xx_it.c **** {
  28              		.loc 1 71 0
  29              		.cfi_startproc
  30              		@ args = 0, pretend = 0, frame = 0
  31              		@ frame_needed = 0, uses_anonymous_args = 0
  32              		@ link register save eliminated.
  33 0000 7047     		bx	lr
  34              		.cfi_endproc
  35              	.LFE72:
  37 0002 00BF     		.section	.text.HardFault_Handler,"ax",%progbits
  38              		.align	2
  39              		.global	HardFault_Handler
  40              		.thumb
  41              		.thumb_func
  43              	HardFault_Handler:
  44              	.LFB73:
  72:Src/stm32l1xx_it.c ****   /* USER CODE BEGIN NonMaskableInt_IRQn 0 */
  73:Src/stm32l1xx_it.c **** 
ARM GAS  /tmp/ccjppFnM.s 			page 3


  74:Src/stm32l1xx_it.c ****   /* USER CODE END NonMaskableInt_IRQn 0 */
  75:Src/stm32l1xx_it.c ****   /* USER CODE BEGIN NonMaskableInt_IRQn 1 */
  76:Src/stm32l1xx_it.c **** 
  77:Src/stm32l1xx_it.c ****   /* USER CODE END NonMaskableInt_IRQn 1 */
  78:Src/stm32l1xx_it.c **** }
  79:Src/stm32l1xx_it.c **** 
  80:Src/stm32l1xx_it.c **** /**
  81:Src/stm32l1xx_it.c ****   * @brief This function handles Hard fault interrupt.
  82:Src/stm32l1xx_it.c ****   */
  83:Src/stm32l1xx_it.c **** void HardFault_Handler(void)
  84:Src/stm32l1xx_it.c **** {
  45              		.loc 1 84 0
  46              		.cfi_startproc
  47              		@ Volatile: function does not return.
  48              		@ args = 0, pretend = 0, frame = 0
  49              		@ frame_needed = 0, uses_anonymous_args = 0
  50              		@ link register save eliminated.
  51              	.L3:
  52 0000 FEE7     		b	.L3
  53              		.cfi_endproc
  54              	.LFE73:
  56 0002 00BF     		.section	.text.MemManage_Handler,"ax",%progbits
  57              		.align	2
  58              		.global	MemManage_Handler
  59              		.thumb
  60              		.thumb_func
  62              	MemManage_Handler:
  63              	.LFB74:
  85:Src/stm32l1xx_it.c ****   /* USER CODE BEGIN HardFault_IRQn 0 */
  86:Src/stm32l1xx_it.c **** 
  87:Src/stm32l1xx_it.c ****   /* USER CODE END HardFault_IRQn 0 */
  88:Src/stm32l1xx_it.c ****   while (1)
  89:Src/stm32l1xx_it.c ****   {
  90:Src/stm32l1xx_it.c ****     /* USER CODE BEGIN W1_HardFault_IRQn 0 */
  91:Src/stm32l1xx_it.c ****     /* USER CODE END W1_HardFault_IRQn 0 */
  92:Src/stm32l1xx_it.c ****   }
  93:Src/stm32l1xx_it.c **** }
  94:Src/stm32l1xx_it.c **** 
  95:Src/stm32l1xx_it.c **** /**
  96:Src/stm32l1xx_it.c ****   * @brief This function handles Memory management fault.
  97:Src/stm32l1xx_it.c ****   */
  98:Src/stm32l1xx_it.c **** void MemManage_Handler(void)
  99:Src/stm32l1xx_it.c **** {
  64              		.loc 1 99 0
  65              		.cfi_startproc
  66              		@ Volatile: function does not return.
  67              		@ args = 0, pretend = 0, frame = 0
  68              		@ frame_needed = 0, uses_anonymous_args = 0
  69              		@ link register save eliminated.
  70              	.L5:
  71 0000 FEE7     		b	.L5
  72              		.cfi_endproc
  73              	.LFE74:
  75 0002 00BF     		.section	.text.BusFault_Handler,"ax",%progbits
  76              		.align	2
  77              		.global	BusFault_Handler
  78              		.thumb
ARM GAS  /tmp/ccjppFnM.s 			page 4


  79              		.thumb_func
  81              	BusFault_Handler:
  82              	.LFB75:
 100:Src/stm32l1xx_it.c ****   /* USER CODE BEGIN MemoryManagement_IRQn 0 */
 101:Src/stm32l1xx_it.c **** 
 102:Src/stm32l1xx_it.c ****   /* USER CODE END MemoryManagement_IRQn 0 */
 103:Src/stm32l1xx_it.c ****   while (1)
 104:Src/stm32l1xx_it.c ****   {
 105:Src/stm32l1xx_it.c ****     /* USER CODE BEGIN W1_MemoryManagement_IRQn 0 */
 106:Src/stm32l1xx_it.c ****     /* USER CODE END W1_MemoryManagement_IRQn 0 */
 107:Src/stm32l1xx_it.c ****   }
 108:Src/stm32l1xx_it.c **** }
 109:Src/stm32l1xx_it.c **** 
 110:Src/stm32l1xx_it.c **** /**
 111:Src/stm32l1xx_it.c ****   * @brief This function handles Pre-fetch fault, memory access fault.
 112:Src/stm32l1xx_it.c ****   */
 113:Src/stm32l1xx_it.c **** void BusFault_Handler(void)
 114:Src/stm32l1xx_it.c **** {
  83              		.loc 1 114 0
  84              		.cfi_startproc
  85              		@ Volatile: function does not return.
  86              		@ args = 0, pretend = 0, frame = 0
  87              		@ frame_needed = 0, uses_anonymous_args = 0
  88              		@ link register save eliminated.
  89              	.L7:
  90 0000 FEE7     		b	.L7
  91              		.cfi_endproc
  92              	.LFE75:
  94 0002 00BF     		.section	.text.UsageFault_Handler,"ax",%progbits
  95              		.align	2
  96              		.global	UsageFault_Handler
  97              		.thumb
  98              		.thumb_func
 100              	UsageFault_Handler:
 101              	.LFB76:
 115:Src/stm32l1xx_it.c ****   /* USER CODE BEGIN BusFault_IRQn 0 */
 116:Src/stm32l1xx_it.c **** 
 117:Src/stm32l1xx_it.c ****   /* USER CODE END BusFault_IRQn 0 */
 118:Src/stm32l1xx_it.c ****   while (1)
 119:Src/stm32l1xx_it.c ****   {
 120:Src/stm32l1xx_it.c ****     /* USER CODE BEGIN W1_BusFault_IRQn 0 */
 121:Src/stm32l1xx_it.c ****     /* USER CODE END W1_BusFault_IRQn 0 */
 122:Src/stm32l1xx_it.c ****   }
 123:Src/stm32l1xx_it.c **** }
 124:Src/stm32l1xx_it.c **** 
 125:Src/stm32l1xx_it.c **** /**
 126:Src/stm32l1xx_it.c ****   * @brief This function handles Undefined instruction or illegal state.
 127:Src/stm32l1xx_it.c ****   */
 128:Src/stm32l1xx_it.c **** void UsageFault_Handler(void)
 129:Src/stm32l1xx_it.c **** {
 102              		.loc 1 129 0
 103              		.cfi_startproc
 104              		@ Volatile: function does not return.
 105              		@ args = 0, pretend = 0, frame = 0
 106              		@ frame_needed = 0, uses_anonymous_args = 0
 107              		@ link register save eliminated.
 108              	.L9:
ARM GAS  /tmp/ccjppFnM.s 			page 5


 109 0000 FEE7     		b	.L9
 110              		.cfi_endproc
 111              	.LFE76:
 113 0002 00BF     		.section	.text.SVC_Handler,"ax",%progbits
 114              		.align	2
 115              		.global	SVC_Handler
 116              		.thumb
 117              		.thumb_func
 119              	SVC_Handler:
 120              	.LFB77:
 130:Src/stm32l1xx_it.c ****   /* USER CODE BEGIN UsageFault_IRQn 0 */
 131:Src/stm32l1xx_it.c **** 
 132:Src/stm32l1xx_it.c ****   /* USER CODE END UsageFault_IRQn 0 */
 133:Src/stm32l1xx_it.c ****   while (1)
 134:Src/stm32l1xx_it.c ****   {
 135:Src/stm32l1xx_it.c ****     /* USER CODE BEGIN W1_UsageFault_IRQn 0 */
 136:Src/stm32l1xx_it.c ****     /* USER CODE END W1_UsageFault_IRQn 0 */
 137:Src/stm32l1xx_it.c ****   }
 138:Src/stm32l1xx_it.c **** }
 139:Src/stm32l1xx_it.c **** 
 140:Src/stm32l1xx_it.c **** /**
 141:Src/stm32l1xx_it.c ****   * @brief This function handles System service call via SWI instruction.
 142:Src/stm32l1xx_it.c ****   */
 143:Src/stm32l1xx_it.c **** void SVC_Handler(void)
 144:Src/stm32l1xx_it.c **** {
 121              		.loc 1 144 0
 122              		.cfi_startproc
 123              		@ args = 0, pretend = 0, frame = 0
 124              		@ frame_needed = 0, uses_anonymous_args = 0
 125              		@ link register save eliminated.
 126 0000 7047     		bx	lr
 127              		.cfi_endproc
 128              	.LFE77:
 130 0002 00BF     		.section	.text.DebugMon_Handler,"ax",%progbits
 131              		.align	2
 132              		.global	DebugMon_Handler
 133              		.thumb
 134              		.thumb_func
 136              	DebugMon_Handler:
 137              	.LFB78:
 145:Src/stm32l1xx_it.c ****   /* USER CODE BEGIN SVC_IRQn 0 */
 146:Src/stm32l1xx_it.c **** 
 147:Src/stm32l1xx_it.c ****   /* USER CODE END SVC_IRQn 0 */
 148:Src/stm32l1xx_it.c ****   /* USER CODE BEGIN SVC_IRQn 1 */
 149:Src/stm32l1xx_it.c **** 
 150:Src/stm32l1xx_it.c ****   /* USER CODE END SVC_IRQn 1 */
 151:Src/stm32l1xx_it.c **** }
 152:Src/stm32l1xx_it.c **** 
 153:Src/stm32l1xx_it.c **** /**
 154:Src/stm32l1xx_it.c ****   * @brief This function handles Debug monitor.
 155:Src/stm32l1xx_it.c ****   */
 156:Src/stm32l1xx_it.c **** void DebugMon_Handler(void)
 157:Src/stm32l1xx_it.c **** {
 138              		.loc 1 157 0
 139              		.cfi_startproc
 140              		@ args = 0, pretend = 0, frame = 0
 141              		@ frame_needed = 0, uses_anonymous_args = 0
ARM GAS  /tmp/ccjppFnM.s 			page 6


 142              		@ link register save eliminated.
 143 0000 7047     		bx	lr
 144              		.cfi_endproc
 145              	.LFE78:
 147 0002 00BF     		.section	.text.PendSV_Handler,"ax",%progbits
 148              		.align	2
 149              		.global	PendSV_Handler
 150              		.thumb
 151              		.thumb_func
 153              	PendSV_Handler:
 154              	.LFB79:
 158:Src/stm32l1xx_it.c ****   /* USER CODE BEGIN DebugMonitor_IRQn 0 */
 159:Src/stm32l1xx_it.c **** 
 160:Src/stm32l1xx_it.c ****   /* USER CODE END DebugMonitor_IRQn 0 */
 161:Src/stm32l1xx_it.c ****   /* USER CODE BEGIN DebugMonitor_IRQn 1 */
 162:Src/stm32l1xx_it.c **** 
 163:Src/stm32l1xx_it.c ****   /* USER CODE END DebugMonitor_IRQn 1 */
 164:Src/stm32l1xx_it.c **** }
 165:Src/stm32l1xx_it.c **** 
 166:Src/stm32l1xx_it.c **** /**
 167:Src/stm32l1xx_it.c ****   * @brief This function handles Pendable request for system service.
 168:Src/stm32l1xx_it.c ****   */
 169:Src/stm32l1xx_it.c **** void PendSV_Handler(void)
 170:Src/stm32l1xx_it.c **** {
 155              		.loc 1 170 0
 156              		.cfi_startproc
 157              		@ args = 0, pretend = 0, frame = 0
 158              		@ frame_needed = 0, uses_anonymous_args = 0
 159              		@ link register save eliminated.
 160 0000 7047     		bx	lr
 161              		.cfi_endproc
 162              	.LFE79:
 164 0002 00BF     		.section	.text.SysTick_Handler,"ax",%progbits
 165              		.align	2
 166              		.global	SysTick_Handler
 167              		.thumb
 168              		.thumb_func
 170              	SysTick_Handler:
 171              	.LFB80:
 171:Src/stm32l1xx_it.c ****   /* USER CODE BEGIN PendSV_IRQn 0 */
 172:Src/stm32l1xx_it.c **** 
 173:Src/stm32l1xx_it.c ****   /* USER CODE END PendSV_IRQn 0 */
 174:Src/stm32l1xx_it.c ****   /* USER CODE BEGIN PendSV_IRQn 1 */
 175:Src/stm32l1xx_it.c **** 
 176:Src/stm32l1xx_it.c ****   /* USER CODE END PendSV_IRQn 1 */
 177:Src/stm32l1xx_it.c **** }
 178:Src/stm32l1xx_it.c **** 
 179:Src/stm32l1xx_it.c **** /**
 180:Src/stm32l1xx_it.c ****   * @brief This function handles System tick timer.
 181:Src/stm32l1xx_it.c ****   */
 182:Src/stm32l1xx_it.c **** void SysTick_Handler(void)
 183:Src/stm32l1xx_it.c **** {
 172              		.loc 1 183 0
 173              		.cfi_startproc
 174              		@ args = 0, pretend = 0, frame = 0
 175              		@ frame_needed = 0, uses_anonymous_args = 0
 176              		.loc 1 183 0
ARM GAS  /tmp/ccjppFnM.s 			page 7


 177 0000 08B5     		push	{r3, lr}
 178              	.LCFI0:
 179              		.cfi_def_cfa_offset 8
 180              		.cfi_offset 3, -8
 181              		.cfi_offset 14, -4
 184:Src/stm32l1xx_it.c ****   /* USER CODE BEGIN SysTick_IRQn 0 */
 185:Src/stm32l1xx_it.c **** 
 186:Src/stm32l1xx_it.c ****   /* USER CODE END SysTick_IRQn 0 */
 187:Src/stm32l1xx_it.c ****   HAL_IncTick();
 182              		.loc 1 187 0
 183 0002 FFF7FEFF 		bl	HAL_IncTick
 184              	.LVL0:
 185 0006 08BD     		pop	{r3, pc}
 186              		.cfi_endproc
 187              	.LFE80:
 189              		.section	.text.USART2_IRQHandler,"ax",%progbits
 190              		.align	2
 191              		.global	USART2_IRQHandler
 192              		.thumb
 193              		.thumb_func
 195              	USART2_IRQHandler:
 196              	.LFB81:
 188:Src/stm32l1xx_it.c ****   /* USER CODE BEGIN SysTick_IRQn 1 */
 189:Src/stm32l1xx_it.c **** 
 190:Src/stm32l1xx_it.c ****   /* USER CODE END SysTick_IRQn 1 */
 191:Src/stm32l1xx_it.c **** }
 192:Src/stm32l1xx_it.c **** 
 193:Src/stm32l1xx_it.c **** /******************************************************************************/
 194:Src/stm32l1xx_it.c **** /* STM32L1xx Peripheral Interrupt Handlers                                    */
 195:Src/stm32l1xx_it.c **** /* Add here the Interrupt Handlers for the used peripherals.                  */
 196:Src/stm32l1xx_it.c **** /* For the available peripheral interrupt handler names,                      */
 197:Src/stm32l1xx_it.c **** /* please refer to the startup file (startup_stm32l1xx.s).                    */
 198:Src/stm32l1xx_it.c **** /******************************************************************************/
 199:Src/stm32l1xx_it.c **** 
 200:Src/stm32l1xx_it.c **** /**
 201:Src/stm32l1xx_it.c ****   * @brief This function handles USART2 global interrupt.
 202:Src/stm32l1xx_it.c ****   */
 203:Src/stm32l1xx_it.c **** void USART2_IRQHandler(void)
 204:Src/stm32l1xx_it.c **** {
 197              		.loc 1 204 0
 198              		.cfi_startproc
 199              		@ args = 0, pretend = 0, frame = 0
 200              		@ frame_needed = 0, uses_anonymous_args = 0
 201 0000 08B5     		push	{r3, lr}
 202              	.LCFI1:
 203              		.cfi_def_cfa_offset 8
 204              		.cfi_offset 3, -8
 205              		.cfi_offset 14, -4
 205:Src/stm32l1xx_it.c ****   /* USER CODE BEGIN USART2_IRQn 0 */
 206:Src/stm32l1xx_it.c **** 
 207:Src/stm32l1xx_it.c ****   /* USER CODE END USART2_IRQn 0 */
 208:Src/stm32l1xx_it.c ****   HAL_UART_IRQHandler(&huart2);
 206              		.loc 1 208 0
 207 0002 0248     		ldr	r0, .L17
 208 0004 FFF7FEFF 		bl	HAL_UART_IRQHandler
 209              	.LVL1:
 210 0008 08BD     		pop	{r3, pc}
ARM GAS  /tmp/ccjppFnM.s 			page 8


 211              	.L18:
 212 000a 00BF     		.align	2
 213              	.L17:
 214 000c 00000000 		.word	huart2
 215              		.cfi_endproc
 216              	.LFE81:
 218              		.text
 219              	.Letext0:
 220              		.file 2 "/usr/bin/gcc-arm-none-eabi-5_4-2016q3/arm-none-eabi/include/machine/_default_types.h"
 221              		.file 3 "/usr/bin/gcc-arm-none-eabi-5_4-2016q3/arm-none-eabi/include/sys/_stdint.h"
 222              		.file 4 "Drivers/CMSIS/Device/ST/STM32L1xx/Include/stm32l151xba.h"
 223              		.file 5 "Drivers/STM32L1xx_HAL_Driver/Inc/stm32l1xx_hal_def.h"
 224              		.file 6 "Drivers/STM32L1xx_HAL_Driver/Inc/stm32l1xx_hal_dma.h"
 225              		.file 7 "Drivers/STM32L1xx_HAL_Driver/Inc/stm32l1xx_hal_uart.h"
 226              		.file 8 "Drivers/CMSIS/Include/core_cm3.h"
 227              		.file 9 "Drivers/STM32L1xx_HAL_Driver/Inc/stm32l1xx_hal.h"
ARM GAS  /tmp/ccjppFnM.s 			page 9


DEFINED SYMBOLS
                            *ABS*:00000000 stm32l1xx_it.c
     /tmp/ccjppFnM.s:20     .text.NMI_Handler:00000000 $t
     /tmp/ccjppFnM.s:25     .text.NMI_Handler:00000000 NMI_Handler
     /tmp/ccjppFnM.s:38     .text.HardFault_Handler:00000000 $t
     /tmp/ccjppFnM.s:43     .text.HardFault_Handler:00000000 HardFault_Handler
     /tmp/ccjppFnM.s:57     .text.MemManage_Handler:00000000 $t
     /tmp/ccjppFnM.s:62     .text.MemManage_Handler:00000000 MemManage_Handler
     /tmp/ccjppFnM.s:76     .text.BusFault_Handler:00000000 $t
     /tmp/ccjppFnM.s:81     .text.BusFault_Handler:00000000 BusFault_Handler
     /tmp/ccjppFnM.s:95     .text.UsageFault_Handler:00000000 $t
     /tmp/ccjppFnM.s:100    .text.UsageFault_Handler:00000000 UsageFault_Handler
     /tmp/ccjppFnM.s:114    .text.SVC_Handler:00000000 $t
     /tmp/ccjppFnM.s:119    .text.SVC_Handler:00000000 SVC_Handler
     /tmp/ccjppFnM.s:131    .text.DebugMon_Handler:00000000 $t
     /tmp/ccjppFnM.s:136    .text.DebugMon_Handler:00000000 DebugMon_Handler
     /tmp/ccjppFnM.s:148    .text.PendSV_Handler:00000000 $t
     /tmp/ccjppFnM.s:153    .text.PendSV_Handler:00000000 PendSV_Handler
     /tmp/ccjppFnM.s:165    .text.SysTick_Handler:00000000 $t
     /tmp/ccjppFnM.s:170    .text.SysTick_Handler:00000000 SysTick_Handler
     /tmp/ccjppFnM.s:190    .text.USART2_IRQHandler:00000000 $t
     /tmp/ccjppFnM.s:195    .text.USART2_IRQHandler:00000000 USART2_IRQHandler
     /tmp/ccjppFnM.s:214    .text.USART2_IRQHandler:0000000c $d
                     .debug_frame:00000010 $d

UNDEFINED SYMBOLS
HAL_IncTick
HAL_UART_IRQHandler
huart2
